<?xml version="1.0" encoding="UTF-8"?>
<testng-results skipped="0" failed="0" ignored="0" total="1" passed="1">
  <reporter-output>
  </reporter-output>
  <suite name="Default suite" duration-ms="13664" started-at="2020-05-02T21:12:12Z" finished-at="2020-05-02T21:12:26Z">
    <groups>
    </groups>
    <test name="Default test" duration-ms="13664" started-at="2020-05-02T21:12:12Z" finished-at="2020-05-02T21:12:26Z">
      <class name="home.RunScript">
        <test-method status="PASS" signature="f()[pri:0, instance:home.RunScript@5c7fa833]" name="f" duration-ms="13613" started-at="2020-05-02T21:12:12Z" finished-at="2020-05-02T21:12:26Z">
          <reporter-output>
          </reporter-output>
        </test-method> <!-- f -->
      </class> <!-- home.RunScript -->
    </test> <!-- Default test -->
  </suite> <!-- Default suite -->
</testng-results>
